2020-08-28 10:59:01.0328|INFO|Microsoft.Hosting.Lifetime|Application started. Press Ctrl+C to shut down.
2020-08-28 10:59:01.1379|INFO|Microsoft.Hosting.Lifetime|Hosting environment: Development
2020-08-28 10:59:01.1482|INFO|Microsoft.Hosting.Lifetime|Content root path: C:\Users\Owner\Desktop\EmployeeManagement\EmployeeManagement
2020-08-28 11:12:22.9512|INFO|Microsoft.Hosting.Lifetime|Application started. Press Ctrl+C to shut down.
2020-08-28 11:12:23.0075|INFO|Microsoft.Hosting.Lifetime|Hosting environment: Development
2020-08-28 11:12:23.0075|INFO|Microsoft.Hosting.Lifetime|Content root path: C:\Users\Owner\Desktop\EmployeeManagement\EmployeeManagement
2020-08-28 11:13:49.0764|INFO|Microsoft.Hosting.Lifetime|Application started. Press Ctrl+C to shut down.
2020-08-28 11:13:49.1721|INFO|Microsoft.Hosting.Lifetime|Hosting environment: Development
2020-08-28 11:13:49.1780|INFO|Microsoft.Hosting.Lifetime|Content root path: C:\Users\Owner\Desktop\EmployeeManagement\EmployeeManagement
2020-08-28 11:13:58.9632|ERROR|Microsoft.EntityFrameworkCore.Database.Command|Failed executing DbCommand (76ms) [Parameters=[@__normalizedRoleName_0='?' (Size = 256)], CommandType='Text', CommandTimeout='30']
SELECT TOP(2) [a].[Id], [a].[ConcurrencyStamp], [a].[Name], [a].[NormalizedName]
FROM [AspNetRoles] AS [a]
WHERE [a].[NormalizedName] = @__normalizedRoleName_0
2020-08-28 11:13:59.3926|ERROR|Microsoft.EntityFrameworkCore.Query|An exception occurred while iterating over the results of a query for context type 'EmployeeManagement.Models.AppDbContext'.
System.InvalidOperationException: There is already an open DataReader associated with this Connection which must be closed first.
   at Microsoft.Data.SqlClient.SqlCommand.<>c.<ExecuteDbDataReaderAsync>b__164_0(Task`1 result)
   at System.Threading.Tasks.ContinuationResultTaskFromResultTask`2.InnerInvoke()
   at System.Threading.Tasks.Task.<>c.<.cctor>b__274_0(Object obj)
   at System.Threading.ExecutionContext.RunInternal(ExecutionContext executionContext, ContextCallback callback, Object state)
--- End of stack trace from previous location where exception was thrown ---
   at System.Threading.ExecutionContext.RunInternal(ExecutionContext executionContext, ContextCallback callback, Object state)
   at System.Threading.Tasks.Task.ExecuteWithThreadLocal(Task& currentTaskSlot, Thread threadPoolThread)
--- End of stack trace from previous location where exception was thrown ---
   at Microsoft.EntityFrameworkCore.Storage.RelationalCommand.ExecuteReaderAsync(RelationalCommandParameterObject parameterObject, CancellationToken cancellationToken)
   at Microsoft.EntityFrameworkCore.Storage.RelationalCommand.ExecuteReaderAsync(RelationalCommandParameterObject parameterObject, CancellationToken cancellationToken)
   at Microsoft.EntityFrameworkCore.Storage.RelationalCommand.ExecuteReaderAsync(RelationalCommandParameterObject parameterObject, CancellationToken cancellationToken)
   at Microsoft.EntityFrameworkCore.Query.Internal.QueryingEnumerable`1.AsyncEnumerator.InitializeReaderAsync(DbContext _, Boolean result, CancellationToken cancellationToken)
   at Microsoft.EntityFrameworkCore.SqlServer.Storage.Internal.SqlServerExecutionStrategy.ExecuteAsync[TState,TResult](TState state, Func`4 operation, Func`4 verifySucceeded, CancellationToken cancellationToken)
   at Microsoft.EntityFrameworkCore.Query.Internal.QueryingEnumerable`1.AsyncEnumerator.MoveNextAsync()
2020-08-28 11:13:59.7810|ERROR|Microsoft.AspNetCore.Diagnostics.DeveloperExceptionPageMiddleware|An unhandled exception has occurred while executing the request.
2020-08-28 11:16:56.8705|INFO|Microsoft.Hosting.Lifetime|Application started. Press Ctrl+C to shut down.
2020-08-28 11:16:56.9191|INFO|Microsoft.Hosting.Lifetime|Hosting environment: Development
2020-08-28 11:16:56.9191|INFO|Microsoft.Hosting.Lifetime|Content root path: C:\Users\Owner\Desktop\EmployeeManagement\EmployeeManagement
2020-08-28 11:39:40.6811|INFO|Microsoft.Hosting.Lifetime|Application started. Press Ctrl+C to shut down.
2020-08-28 11:39:40.8162|INFO|Microsoft.Hosting.Lifetime|Hosting environment: Development
2020-08-28 11:39:40.8216|INFO|Microsoft.Hosting.Lifetime|Content root path: C:\Users\Owner\Desktop\EmployeeManagement\EmployeeManagement
2020-08-28 15:31:07.2089|INFO|Microsoft.Hosting.Lifetime|Application started. Press Ctrl+C to shut down.
2020-08-28 15:31:07.4119|INFO|Microsoft.Hosting.Lifetime|Hosting environment: Development
2020-08-28 15:31:07.4119|INFO|Microsoft.Hosting.Lifetime|Content root path: C:\Users\Owner\Desktop\EmployeeManagement\EmployeeManagement
2020-08-28 15:35:13.3221|INFO|Microsoft.Hosting.Lifetime|Application started. Press Ctrl+C to shut down.
2020-08-28 15:35:13.4492|INFO|Microsoft.Hosting.Lifetime|Hosting environment: Development
2020-08-28 15:35:13.4581|INFO|Microsoft.Hosting.Lifetime|Content root path: C:\Users\Owner\Desktop\EmployeeManagement\EmployeeManagement
